Generated at 2015-06-26 20:03:15 +0000
Chef::Exceptions::PrivateKeyMissing: I cannot read C:\chef\validation.pem, which you told me to use to sign requests!
C:/opscode/chef/embedded/apps/chef/lib/chef/http/authenticator.rb:78:in `rescue in load_signing_key'
C:/opscode/chef/embedded/apps/chef/lib/chef/http/authenticator.rb:68:in `load_signing_key'
C:/opscode/chef/embedded/apps/chef/lib/chef/http/authenticator.rb:38:in `initialize'
C:/opscode/chef/embedded/apps/chef/lib/chef/rest.rb:70:in `new'
C:/opscode/chef/embedded/apps/chef/lib/chef/rest.rb:70:in `initialize'
C:/opscode/chef/embedded/apps/chef/lib/chef/api_client/registration.rb:125:in `new'
C:/opscode/chef/embedded/apps/chef/lib/chef/api_client/registration.rb:125:in `http_api'
C:/opscode/chef/embedded/apps/chef/lib/chef/api_client/registration.rb:93:in `create'
C:/opscode/chef/embedded/apps/chef/lib/chef/api_client/registration.rb:84:in `create_or_update'
C:/opscode/chef/embedded/apps/chef/lib/chef/api_client/registration.rb:57:in `run'
C:/opscode/chef/embedded/apps/chef/lib/chef/client.rb:315:in `register'
C:/opscode/chef/embedded/apps/chef/lib/chef/client.rb:441:in `run'
C:/opscode/chef/embedded/apps/chef/lib/chef/application.rb:253:in `run_with_graceful_exit_option'
C:/opscode/chef/embedded/apps/chef/lib/chef/application.rb:230:in `block in run_chef_client'
C:/opscode/chef/embedded/apps/chef/lib/chef/local_mode.rb:39:in `with_server_connectivity'
C:/opscode/chef/embedded/apps/chef/lib/chef/application.rb:213:in `run_chef_client'
C:/opscode/chef/embedded/apps/chef/lib/chef/application/client.rb:402:in `block in interval_run_chef_client'
C:/opscode/chef/embedded/apps/chef/lib/chef/application/client.rb:392:in `loop'
C:/opscode/chef/embedded/apps/chef/lib/chef/application/client.rb:392:in `interval_run_chef_client'
C:/opscode/chef/embedded/apps/chef/lib/chef/application/client.rb:382:in `run_application'
C:/opscode/chef/embedded/apps/chef/lib/chef/application.rb:60:in `run'
C:/opscode/chef/embedded/apps/chef/bin/chef-client:26:in `<top (required)>'
C:/opscode/chef/bin/chef-client:63:in `load'
C:/opscode/chef/bin/chef-client:63:in `<main>'